#
# A fatal error has been detected by the Java Runtime Environment:
#
#  EXCEPTION_ACCESS_VIOLATION (0xc0000005) at pc=0x0000000002fe63c6, pid=13620, tid=0x000000000000366c
#
# JRE version: OpenJDK Runtime Environment (8.0_242-b01) (build 1.8.0_242-release-1644-b01)
# Java VM: OpenJDK 64-Bit Server VM (25.242-b01 mixed mode windows-amd64 compressed oops)
# Problematic frame:
# v  ~RuntimeStub::resolve_static_call
#
# Failed to write core dump. Minidumps are not enabled by default on client versions of Windows
#
# If you would like to submit a bug report, please visit:
#   
#

---------------  T H R E A D  ---------------

Current thread (0x000000001a09b800):  JavaThread "Daemon worker" [_thread_in_Java, id=13932, stack(0x000000001d370000,0x000000001d470000)]

siginfo: ExceptionCode=0xc0000005, reading address 0xffffffffffffffff

Registers:
RAX=0x0000000000000000, RBX=0x00000000173855f8, RCX=0x00000000deb14ab8, RDX=0x00000000deb14a50
RSP=0x000000001d466d58, RBP=0x000000001d466fe8, RSI=0x0000000000000000, RDI=0x00000000deb147f8
R8 =0x0000000000000001, R9 =0x00000000006f58a5, R10=0x0000000000000003, R11=0x0000000020005192
R12=0x0000000000000000, R13=0x00000000deb14ab8, R14=0x0000000000000002, R15=0x000000001a09b800
RIP=0x0000000002fe63c6, EFLAGS=0x0000000000010202

Top of Stack: (sp=0x000000001d466d58)
0x000000001d466d58:   0000000061060cce 000000001cf82bd0
0x000000001d466d68:   0002ffff00001fa0 000000000109acc0
0x000000001d466d78:   0000000000000000 00000000015b0354
0x000000001d466d88:   0000000000000000 00000000000002d0
0x000000001d466d98:   0000000000000cc0 0000000001050000
0x000000001d466da8:   000000000000a58c 8000000000000000
0x000000001d466db8:   0000000000003fff f457e758d061e800
0x000000001d466dc8:   0000000000003fff 9000000000000000
0x000000001d466dd8:   0000000000004002 8c9f53d5681854bb
0x000000001d466de8:   0000000000004000 0000000040400000
0x000000001d466df8:   0000000000000000 000000004e800000
0x000000001d466e08:   0000000000000000 0000000000000000
0x000000001d466e18:   0000000000000000 0000000000000000
0x000000001d466e28:   0000000000000000 0000000000000000
0x000000001d466e38:   0000000000000000 0000000000000000
0x000000001d466e48:   0000000000000000 0000000000000000 

Instructions: (pc=0x0000000002fe63c6)
0x0000000002fe63a6:   28 4c 89 5c 24 20 4c 89 64 24 18 4c 89 6c 24 10
0x0000000002fe63b6:   4c 89 74 24 08 4c 89 3c 24 48 81 ec 00 02 00 00
0x0000000002fe63c6:   48 0f ae 04 24 48 83 ec 20 49 89 a7 c0 01 00 00
0x0000000002fe63d6:   49 8b cf e8 82 63 0a 5e 49 ba 00 00 00 00 00 00 


Register to memory mapping:

RAX=0x0000000000000000 is an unknown value
RBX={method} {0x0000000017385600} 'afterNodeInsertion' '(Z)V' in 'java/util/LinkedHashMap'
RCX=0x00000000deb14ab8 is an oop
[Ljava.util.HashMap$Node; 
 - klass: 'java/util/HashMap$Node'[]
 - length: 4
RDX=0x00000000deb14a50 is an oop
java.util.LinkedHashMap 
 - klass: 'java/util/LinkedHashMap'
RSP=0x000000001d466d58 is pointing into the stack for thread: 0x000000001a09b800
RBP=0x000000001d466fe8 is pointing into the stack for thread: 0x000000001a09b800
RSI=0x0000000000000000 is an unknown value
RDI=0x00000000deb147f8 is an oop
org.gradle.api.internal.attributes.DefaultImmutableAttributes 
 - klass: 'org/gradle/api/internal/attributes/DefaultImmutableAttributes'
R8 =0x0000000000000001 is an unknown value
R9 =0x00000000006f58a5 is an unknown value
R10=0x0000000000000003 is an unknown value
R11=0x0000000020005192 is pointing into the stack for thread: 0x0000000019efb000
R12=0x0000000000000000 is an unknown value
R13=0x00000000deb14ab8 is an oop
[Ljava.util.HashMap$Node; 
 - klass: 'java/util/HashMap$Node'[]
 - length: 4
R14=0x0000000000000002 is an unknown value
R15=0x000000001a09b800 is a thread


Stack: [0x000000001d370000,0x000000001d470000],  sp=0x000000001d466d58,  free space=987k
Native frames: (J=compiled Java code, j=interpreted, Vv=VM code, C=native code)
C  0x0000000002fe63c6


---------------  P R O C E S S  ---------------

Java Threads: ( => current thread )
  0x000000001b99e800 JavaThread "Memory manager" [_thread_blocked, id=9452, stack(0x0000000002c80000,0x0000000002d80000)]
  0x000000001b99e000 JavaThread "Cache worker for execution history cache (C:\Users\agath\Desktop\Desafio_DP_N2\.gradle\6.5\executionHistory)" [_thread_blocked, id=6452, stack(0x000000002ce20000,0x000000002cf20000)]
  0x000000001b998000 JavaThread "jar transforms Thread 114" [_thread_blocked, id=5148, stack(0x0000000029da0000,0x0000000029ea0000)]
  0x000000001b996800 JavaThread "jar transforms Thread 113" [_thread_blocked, id=10020, stack(0x0000000029ca0000,0x0000000029da0000)]
  0x000000001b992000 JavaThread "jar transforms Thread 112" [_thread_blocked, id=1088, stack(0x0000000029ba0000,0x0000000029ca0000)]
  0x000000001b994000 JavaThread "jar transforms Thread 111" [_thread_blocked, id=8332, stack(0x0000000029aa0000,0x0000000029ba0000)]
  0x000000001b995000 JavaThread "jar transforms Thread 110" [_thread_blocked, id=2524, stack(0x00000000299a0000,0x0000000029aa0000)]
  0x000000001b993800 JavaThread "jar transforms Thread 109" [_thread_blocked, id=11372, stack(0x00000000298a0000,0x00000000299a0000)]
  0x000000001b997000 JavaThread "jar transforms Thread 108" [_thread_blocked, id=12560, stack(0x00000000297a0000,0x00000000298a0000)]
  0x000000001b995800 JavaThread "jar transforms Thread 107" [_thread_blocked, id=11388, stack(0x00000000296a0000,0x00000000297a0000)]
  0x000000001b992800 JavaThread "jar transforms Thread 106" [_thread_blocked, id=128, stack(0x00000000295a0000,0x00000000296a0000)]
  0x000000001b990800 JavaThread "jar transforms Thread 105" [_thread_blocked, id=3084, stack(0x00000000294a0000,0x00000000295a0000)]
  0x000000001ec61800 JavaThread "jar transforms Thread 104" [_thread_blocked, id=8740, stack(0x00000000293a0000,0x00000000294a0000)]
  0x000000001ec67800 JavaThread "jar transforms Thread 103" [_thread_blocked, id=10760, stack(0x00000000292a0000,0x00000000293a0000)]
  0x000000001ec66800 JavaThread "jar transforms Thread 102" [_thread_blocked, id=1792, stack(0x00000000291a0000,0x00000000292a0000)]
  0x000000001ec60000 JavaThread "jar transforms Thread 101" [_thread_blocked, id=11776, stack(0x00000000290a0000,0x00000000291a0000)]
  0x000000001ec66000 JavaThread "jar transforms Thread 100" [_thread_blocked, id=12296, stack(0x0000000028fa0000,0x00000000290a0000)]
  0x000000001ec63800 JavaThread "jar transforms Thread 99" [_thread_blocked, id=3972, stack(0x0000000028ea0000,0x0000000028fa0000)]
  0x000000001ec60800 JavaThread "jar transforms Thread 98" [_thread_blocked, id=13064, stack(0x0000000028da0000,0x0000000028ea0000)]
  0x000000001ec65000 JavaThread "jar transforms Thread 97" [_thread_blocked, id=10248, stack(0x0000000028ca0000,0x0000000028da0000)]
  0x000000001ec63000 JavaThread "jar transforms Thread 96" [_thread_blocked, id=12980, stack(0x0000000028ba0000,0x0000000028ca0000)]
  0x000000001ec64800 JavaThread "jar transforms Thread 95" [_thread_blocked, id=6172, stack(0x0000000028aa0000,0x0000000028ba0000)]
  0x000000001ec62000 JavaThread "jar transforms Thread 94" [_thread_blocked, id=8088, stack(0x00000000289a0000,0x0000000028aa0000)]
  0x000000001ec59000 JavaThread "jar transforms Thread 93" [_thread_blocked, id=5488, stack(0x00000000288a0000,0x00000000289a0000)]
  0x000000001ec5d800 JavaThread "jar transforms Thread 92" [_thread_blocked, id=10512, stack(0x00000000287a0000,0x00000000288a0000)]
  0x000000001ec5d000 JavaThread "jar transforms Thread 91" [_thread_blocked, id=12276, stack(0x00000000286a0000,0x00000000287a0000)]
  0x000000001ec5b800 JavaThread "jar transforms Thread 90" [_thread_blocked, id=5660, stack(0x00000000285a0000,0x00000000286a0000)]
  0x000000001ec58800 JavaThread "jar transforms Thread 89" [_thread_blocked, id=13872, stack(0x00000000284a0000,0x00000000285a0000)]
  0x000000001ec5a800 JavaThread "jar transforms Thread 88" [_thread_blocked, id=5072, stack(0x00000000283a0000,0x00000000284a0000)]
  0x000000001ec5f000 JavaThread "jar transforms Thread 87" [_thread_blocked, id=7340, stack(0x00000000282a0000,0x00000000283a0000)]
  0x000000001ec5c000 JavaThread "jar transforms Thread 86" [_thread_blocked, id=2544, stack(0x00000000281a0000,0x00000000282a0000)]
  0x000000001ec5e800 JavaThread "jar transforms Thread 85" [_thread_blocked, id=7992, stack(0x00000000280a0000,0x00000000281a0000)]
  0x000000001ec5a000 JavaThread "jar transforms Thread 84" [_thread_blocked, id=10360, stack(0x0000000027fa0000,0x00000000280a0000)]
  0x000000001a945800 JavaThread "jar transforms Thread 83" [_thread_blocked, id=14024, stack(0x0000000027ea0000,0x0000000027fa0000)]
  0x000000001a945000 JavaThread "jar transforms Thread 82" [_thread_blocked, id=4808, stack(0x0000000027da0000,0x0000000027ea0000)]
  0x000000001a940800 JavaThread "jar transforms Thread 81" [_thread_blocked, id=14264, stack(0x0000000027ca0000,0x0000000027da0000)]
  0x000000001a944000 JavaThread "jar transforms Thread 80" [_thread_blocked, id=10676, stack(0x0000000027ba0000,0x0000000027ca0000)]
  0x000000001a943800 JavaThread "jar transforms Thread 79" [_thread_blocked, id=7172, stack(0x0000000027aa0000,0x0000000027ba0000)]
  0x000000001a93f800 JavaThread "jar transforms Thread 78" [_thread_blocked, id=1784, stack(0x00000000279a0000,0x0000000027aa0000)]
  0x000000001a942800 JavaThread "jar transforms Thread 77" [_thread_blocked, id=8428, stack(0x00000000278a0000,0x00000000279a0000)]
  0x000000001a941000 JavaThread "jar transforms Thread 76" [_thread_blocked, id=6140, stack(0x00000000277a0000,0x00000000278a0000)]
  0x000000001a942000 JavaThread "jar transforms Thread 75" [_thread_blocked, id=7600, stack(0x00000000276a0000,0x00000000277a0000)]
  0x000000001a946800 JavaThread "jar transforms Thread 74" [_thread_blocked, id=13508, stack(0x00000000275a0000,0x00000000276a0000)]
  0x000000001a939000 JavaThread "jar transforms Thread 73" [_thread_blocked, id=9808, stack(0x00000000274a0000,0x00000000275a0000)]
  0x000000001a93f000 JavaThread "jar transforms Thread 72" [_thread_blocked, id=1752, stack(0x00000000273a0000,0x00000000274a0000)]
  0x000000001a937800 JavaThread "jar transforms Thread 71" [_thread_blocked, id=7940, stack(0x00000000272a0000,0x00000000273a0000)]
  0x000000001a93e000 JavaThread "jar transforms Thread 70" [_thread_blocked, id=1376, stack(0x00000000271a0000,0x00000000272a0000)]
  0x000000001a93c800 JavaThread "jar transforms Thread 69" [_thread_blocked, id=10184, stack(0x00000000270a0000,0x00000000271a0000)]
  0x000000001a93b000 JavaThread "jar transforms Thread 68" [_thread_blocked, id=3176, stack(0x0000000026fa0000,0x00000000270a0000)]
  0x000000001a939800 JavaThread "jar transforms Thread 67" [_thread_blocked, id=6820, stack(0x0000000026ea0000,0x0000000026fa0000)]
  0x000000001a93d800 JavaThread "jar transforms Thread 66" [_thread_blocked, id=9240, stack(0x0000000026da0000,0x0000000026ea0000)]
  0x000000001a938000 JavaThread "jar transforms Thread 65" [_thread_blocked, id=5252, stack(0x0000000026ca0000,0x0000000026da0000)]
  0x000000001a93a800 JavaThread "jar transforms Thread 64" [_thread_blocked, id=2832, stack(0x0000000026ba0000,0x0000000026ca0000)]
  0x000000001a93c000 JavaThread "jar transforms Thread 63" [_thread_blocked, id=4772, stack(0x0000000026aa0000,0x0000000026ba0000)]
  0x000000001f076000 JavaThread "jar transforms Thread 62" [_thread_blocked, id=9388, stack(0x00000000269a0000,0x0000000026aa0000)]
  0x000000001f070800 JavaThread "jar transforms Thread 61" [_thread_blocked, id=13528, stack(0x00000000268a0000,0x00000000269a0000)]
  0x000000001f075000 JavaThread "jar transforms Thread 60" [_thread_blocked, id=11952, stack(0x00000000267a0000,0x00000000268a0000)]
  0x000000001f074800 JavaThread "jar transforms Thread 59" [_thread_blocked, id=12088, stack(0x00000000266a0000,0x00000000267a0000)]
  0x000000001f070000 JavaThread "jar transforms Thread 58" [_thread_blocked, id=7480, stack(0x00000000265a0000,0x00000000266a0000)]
  0x000000001f073800 JavaThread "jar transforms Thread 57" [_thread_blocked, id=5004, stack(0x00000000264a0000,0x00000000265a0000)]
  0x000000001f076800 JavaThread "jar transforms Thread 56" [_thread_blocked, id=13520, stack(0x00000000263a0000,0x00000000264a0000)]
  0x000000001f073000 JavaThread "jar transforms Thread 55" [_thread_blocked, id=1248, stack(0x00000000262a0000,0x00000000263a0000)]
  0x000000001f072000 JavaThread "jar transforms Thread 54" [_thread_blocked, id=4212, stack(0x00000000261a0000,0x00000000262a0000)]
  0x000000001f06a800 JavaThread "jar transforms Thread 53" [_thread_blocked, id=9084, stack(0x00000000260a0000,0x00000000261a0000)]
  0x000000001f06f000 JavaThread "jar transforms Thread 52" [_thread_blocked, id=5324, stack(0x0000000025fa0000,0x00000000260a0000)]
  0x000000001f071800 JavaThread "jar transforms Thread 51" [_thread_blocked, id=8300, stack(0x0000000025ea0000,0x0000000025fa0000)]
  0x000000001f067800 JavaThread "jar transforms Thread 50" [_thread_blocked, id=7552, stack(0x0000000025da0000,0x0000000025ea0000)]
  0x000000001f06e800 JavaThread "jar transforms Thread 49" [_thread_blocked, id=2648, stack(0x0000000025ca0000,0x0000000025da0000)]
  0x000000001f06a000 JavaThread "jar transforms Thread 48" [_thread_blocked, id=6624, stack(0x0000000025ba0000,0x0000000025ca0000)]
  0x000000001f06d800 JavaThread "jar transforms Thread 47" [_thread_blocked, id=5256, stack(0x0000000025aa0000,0x0000000025ba0000)]
  0x000000001f06d000 JavaThread "jar transforms Thread 46" [_thread_blocked, id=14232, stack(0x00000000259a0000,0x0000000025aa0000)]
  0x000000001f06b800 JavaThread "jar transforms Thread 45" [_thread_blocked, id=11272, stack(0x00000000258a0000,0x00000000259a0000)]
  0x000000001f06c000 JavaThread "jar transforms Thread 44" [_thread_blocked, id=5196, stack(0x00000000257a0000,0x00000000258a0000)]
  0x000000001f069000 JavaThread "jar transforms Thread 43" [_thread_blocked, id=11300, stack(0x00000000256a0000,0x00000000257a0000)]
  0x000000001f068800 JavaThread "jar transforms Thread 42" [_thread_blocked, id=6396, stack(0x00000000255a0000,0x00000000256a0000)]
  0x000000001bdb1800 JavaThread "jar transforms Thread 41" [_thread_blocked, id=12148, stack(0x00000000254a0000,0x00000000255a0000)]
  0x000000001bdb7800 JavaThread "jar transforms Thread 40" [_thread_blocked, id=3928, stack(0x00000000253a0000,0x00000000254a0000)]
  0x000000001bdb6800 JavaThread "jar transforms Thread 39" [_thread_blocked, id=2300, stack(0x00000000252a0000,0x00000000253a0000)]
  0x000000001bdb8000 JavaThread "jar transforms Thread 38" [_thread_blocked, id=12348, stack(0x00000000251a0000,0x00000000252a0000)]
  0x000000001bdb4800 JavaThread "jar transforms Thread 37" [_thread_blocked, id=10416, stack(0x00000000250a0000,0x00000000251a0000)]
  0x000000001bdb3000 JavaThread "jar transforms Thread 36" [_thread_blocked, id=1140, stack(0x0000000024fa0000,0x00000000250a0000)]
  0x000000001bdb3800 JavaThread "jar transforms Thread 35" [_thread_blocked, id=868, stack(0x0000000024ea0000,0x0000000024fa0000)]
  0x000000001bdb6000 JavaThread "jar transforms Thread 34" [_thread_blocked, id=8252, stack(0x0000000024da0000,0x0000000024ea0000)]
  0x000000001bdb5000 JavaThread "jar transforms Thread 33" [_thread_blocked, id=12008, stack(0x0000000024ca0000,0x0000000024da0000)]
  0x000000001bdb2000 JavaThread "jar transforms Thread 32" [_thread_blocked, id=9152, stack(0x0000000024ba0000,0x0000000024ca0000)]
  0x000000001bdaa000 JavaThread "jar transforms Thread 31" [_thread_blocked, id=876, stack(0x0000000024aa0000,0x0000000024ba0000)]
  0x000000001bdad000 JavaThread "jar transforms Thread 30" [_thread_blocked, id=8988, stack(0x00000000249a0000,0x0000000024aa0000)]
  0x000000001bdb0000 JavaThread "jar transforms Thread 29" [_thread_blocked, id=6296, stack(0x00000000248a0000,0x00000000249a0000)]
  0x000000001bdaf000 JavaThread "jar transforms Thread 28" [_thread_blocked, id=8324, stack(0x00000000247a0000,0x00000000248a0000)]
  0x000000001bdad800 JavaThread "jar transforms Thread 27" [_thread_blocked, id=3320, stack(0x00000000246a0000,0x00000000247a0000)]
  0x000000001bdae800 JavaThread "jar transforms Thread 26" [_thread_blocked, id=3520, stack(0x00000000245a0000,0x00000000246a0000)]
  0x000000001bdac000 JavaThread "jar transforms Thread 25" [_thread_blocked, id=2964, stack(0x00000000244a0000,0x00000000245a0000)]
  0x000000001bdb0800 JavaThread "jar transforms Thread 24" [_thread_blocked, id=8072, stack(0x00000000243a0000,0x00000000244a0000)]
  0x000000001bdab800 JavaThread "jar transforms Thread 23" [_thread_blocked, id=6560, stack(0x00000000242a0000,0x00000000243a0000)]
  0x000000001bdaa800 JavaThread "jar transforms Thread 22" [_thread_blocked, id=13908, stack(0x00000000241a0000,0x00000000242a0000)]
  0x000000001bda9000 JavaThread "jar transforms Thread 21" [_thread_blocked, id=14184, stack(0x00000000240a0000,0x00000000241a0000)]
  0x000000001ed1d800 JavaThread "Build operations Thread 4" [_thread_blocked, id=1048, stack(0x0000000023fa0000,0x00000000240a0000)]
  0x000000001ed1b000 JavaThread "Build operations Thread 3" [_thread_blocked, id=3540, stack(0x0000000023ea0000,0x0000000023fa0000)]
  0x000000001ed22000 JavaThread "Build operations Thread 2" [_thread_blocked, id=7620, stack(0x0000000023da0000,0x0000000023ea0000)]
  0x000000001ed20800 JavaThread "Build operations" [_thread_blocked, id=12388, stack(0x0000000023ca0000,0x0000000023da0000)]
  0x000000001ed1f800 JavaThread "Cache worker for Build Output Cleanup Cache (C:\Users\agath\Desktop\Desafio_DP_N2\.gradle\buildOutputCleanup)" [_thread_blocked, id=13296, stack(0x00000000223b0000,0x00000000224b0000)]
  0x000000001c12f000 JavaThread "Cache worker for file content cache (C:\Users\agath\.gradle\caches\6.5\fileContent)" [_thread_blocked, id=9432, stack(0x00000000222b0000,0x00000000223b0000)]
  0x000000001c12b000 JavaThread "Cache worker for execution history cache (C:\Users\agath\.gradle\caches\6.5\executionHistory)" [_thread_blocked, id=11420, stack(0x0000000021db0000,0x0000000021eb0000)]
  0x000000001c12f800 JavaThread "Cache worker for cache directory md-rule (C:\Users\agath\.gradle\caches\6.5\md-rule)" [_thread_blocked, id=10460, stack(0x0000000021ab0000,0x0000000021bb0000)]
  0x000000001c12c800 JavaThread "Cache worker for cache directory md-supplier (C:\Users\agath\.gradle\caches\6.5\md-supplier)" [_thread_blocked, id=11908, stack(0x00000000219b0000,0x0000000021ab0000)]
  0x000000001c12d800 JavaThread "Cache worker for checksums cache (C:\Users\agath\Desktop\Desafio_DP_N2\.gradle\checksums)" [_thread_blocked, id=13608, stack(0x00000000218b0000,0x00000000219b0000)]
  0x000000001c12e000 JavaThread "jar transforms Thread 20" [_thread_blocked, id=13376, stack(0x00000000215b0000,0x00000000216b0000)]
  0x000000001c129000 JavaThread "jar transforms Thread 19" [_thread_blocked, id=9304, stack(0x00000000213b0000,0x00000000214b0000)]
  0x000000001c126800 JavaThread "jar transforms Thread 18" [_thread_blocked, id=10812, stack(0x00000000212b0000,0x00000000213b0000)]
  0x000000001c12c000 JavaThread "jar transforms Thread 17" [_thread_blocked, id=6816, stack(0x00000000211b0000,0x00000000212b0000)]
  0x000000001c121800 JavaThread "jar transforms Thread 16" [_thread_blocked, id=8780, stack(0x00000000210b0000,0x00000000211b0000)]
  0x000000001c126000 JavaThread "jar transforms Thread 15" [_thread_blocked, id=8700, stack(0x0000000020fb0000,0x00000000210b0000)]
  0x000000001c124800 JavaThread "jar transforms Thread 14" [_thread_blocked, id=9016, stack(0x0000000020eb0000,0x0000000020fb0000)]
  0x000000001c123800 JavaThread "jar transforms Thread 13" [_thread_blocked, id=6652, stack(0x0000000020db0000,0x0000000020eb0000)]
  0x000000001c128000 JavaThread "jar transforms Thread 12" [_thread_blocked, id=2928, stack(0x0000000020cb0000,0x0000000020db0000)]
  0x000000001c125000 JavaThread "jar transforms Thread 11" [_thread_blocked, id=10424, stack(0x0000000020bb0000,0x0000000020cb0000)]
  0x000000001c122000 JavaThread "jar transforms Thread 10" [_thread_blocked, id=13404, stack(0x0000000020ab0000,0x0000000020bb0000)]
  0x000000001c123000 JavaThread "jar transforms Thread 9" [_thread_blocked, id=8260, stack(0x00000000209b0000,0x0000000020ab0000)]
  0x000000001c127800 JavaThread "jar transforms Thread 8" [_thread_blocked, id=8136, stack(0x00000000208b0000,0x00000000209b0000)]
  0x0000000019eff800 JavaThread "jar transforms Thread 7" [_thread_blocked, id=7272, stack(0x00000000207b0000,0x00000000208b0000)]
  0x0000000019efe800 JavaThread "jar transforms Thread 6" [_thread_blocked, id=9640, stack(0x00000000206b0000,0x00000000207b0000)]
  0x0000000019efb800 JavaThread "jar transforms Thread 5" [_thread_blocked, id=13812, stack(0x00000000205b0000,0x00000000206b0000)]
  0x0000000019efe000 JavaThread "jar transforms Thread 4" [_thread_blocked, id=7156, stack(0x00000000204b0000,0x00000000205b0000)]
  0x0000000019efd000 JavaThread "jar transforms Thread 3" [_thread_blocked, id=12336, stack(0x00000000203b0000,0x00000000204b0000)]
  0x0000000019efc800 JavaThread "jar transforms Thread 2" [_thread_blocked, id=1112, stack(0x00000000202b0000,0x00000000203b0000)]
  0x0000000019efb000 JavaThread "jar transforms" [_thread_blocked, id=10384, stack(0x000000001ff50000,0x0000000020050000)]
  0x0000000019f01000 JavaThread "Cache worker for file hash cache (C:\Users\agath\Desktop\Desafio_DP_N2\.gradle\6.5\fileHashes)" [_thread_blocked, id=10288, stack(0x000000001dc70000,0x000000001dd70000)]
  0x0000000019f00000 JavaThread "Cache worker for file hash cache (C:\Users\agath\.gradle\caches\6.5\fileHashes)" [_thread_blocked, id=6328, stack(0x000000001db70000,0x000000001dc70000)]
  0x0000000019efa000 JavaThread "File lock request listener" [_thread_in_native, id=5860, stack(0x000000001da70000,0x000000001db70000)]
  0x0000000019794000 JavaThread "Cache worker for journal cache (C:\Users\agath\.gradle\caches\journal-1)" [_thread_blocked, id=2684, stack(0x000000001d970000,0x000000001da70000)]
  0x000000001979f000 JavaThread "Thread-9" [_thread_blocked, id=8016, stack(0x000000001d670000,0x000000001d770000)]
  0x000000001979e000 JavaThread "Stdin handler" [_thread_blocked, id=4980, stack(0x000000001d570000,0x000000001d670000)]
  0x00000000197ad000 JavaThread "Asynchronous log dispatcher for DefaultDaemonConnection: socket connection from /127.0.0.1:52529 to /127.0.0.1:52530" [_thread_blocked, id=3560, stack(0x000000001d470000,0x000000001d570000)]
=>0x000000001a09b800 JavaThread "Daemon worker" [_thread_in_Java, id=13932, stack(0x000000001d370000,0x000000001d470000)]
  0x000000001a09a800 JavaThread "Cancel handler" [_thread_blocked, id=6320, stack(0x000000001d270000,0x000000001d370000)]
  0x0000000019d85800 JavaThread "Handler for socket connection from /127.0.0.1:52529 to /127.0.0.1:52530" [_thread_in_native, id=11912, stack(0x000000001d170000,0x000000001d270000)]
  0x000000001ac07800 JavaThread "Daemon" [_thread_blocked, id=6176, stack(0x000000001d070000,0x000000001d170000)]
  0x0000000019d40000 JavaThread "Daemon periodic checks" [_thread_blocked, id=7124, stack(0x000000001cd70000,0x000000001ce70000)]
  0x0000000019d3f800 JavaThread "Incoming local TCP Connector on port 52529" [_thread_in_native, id=4428, stack(0x000000001cb10000,0x000000001cc10000)]
  0x00000000195fe800 JavaThread "Daemon health stats" [_thread_blocked, id=13268, stack(0x000000001c4d0000,0x000000001c5d0000)]
  0x0000000019565000 JavaThread "Service Thread" daemon [_thread_blocked, id=11080, stack(0x0000000019930000,0x0000000019a30000)]
  0x0000000017bd9000 JavaThread "C1 CompilerThread2" daemon [_thread_blocked, id=12748, stack(0x0000000019430000,0x0000000019530000)]
  0x0000000017bc9000 JavaThread "C2 CompilerThread1" daemon [_thread_blocked, id=3060, stack(0x0000000019330000,0x0000000019430000)]
  0x0000000017bc2000 JavaThread "C2 CompilerThread0" daemon [_thread_blocked, id=7388, stack(0x0000000019230000,0x0000000019330000)]
  0x0000000017bc0000 JavaThread "Attach Listener" daemon [_thread_blocked, id=7000, stack(0x0000000019130000,0x0000000019230000)]
  0x0000000017bc4800 JavaThread "Signal Dispatcher" daemon [_thread_blocked, id=14132, stack(0x0000000019030000,0x0000000019130000)]
  0x0000000002f9b000 JavaThread "Finalizer" daemon [_thread_blocked, id=11364, stack(0x0000000018e20000,0x0000000018f20000)]
  0x0000000017ba9000 JavaThread "Reference Handler" daemon [_thread_blocked, id=13928, stack(0x0000000018d20000,0x0000000018e20000)]
  0x0000000002d9e000 JavaThread "main" [_thread_blocked, id=2384, stack(0x0000000002da0000,0x0000000002ea0000)]

Other Threads:
  0x0000000017b86800 VMThread [stack: 0x0000000018c20000,0x0000000018d20000] [id=10544]
  0x0000000019565800 WatcherThread [stack: 0x0000000019a30000,0x0000000019b30000] [id=7804]

VM state:not at safepoint (normal execution)

VM Mutex/Monitor currently owned by a thread: None

heap address: 0x0000000080000000, size: 2048 MB, Compressed Oops mode: 32-bit
Narrow klass base: 0x0000000000000000, Narrow klass shift: 3
Compressed class space size: 1073741824 Address: 0x0000000100000000

Heap:
 PSYoungGen      total 196608K, used 172915K [0x00000000d5580000, 0x00000000e5280000, 0x0000000100000000)
  eden space 177664K, 87% used [0x00000000d5580000,0x00000000dec78fa8,0x00000000e0300000)
  from space 18944K, 96% used [0x00000000e0300000,0x00000000e14e3ed8,0x00000000e1580000)
  to   space 21504K, 0% used [0x00000000e3d80000,0x00000000e3d80000,0x00000000e5280000)
 ParOldGen       total 123392K, used 33277K [0x0000000080000000, 0x0000000087880000, 0x00000000d5580000)
  object space 123392K, 26% used [0x0000000080000000,0x000000008207f5e8,0x0000000087880000)
 Metaspace       used 78293K, capacity 81556K, committed 81624K, reserved 1120256K
  class space    used 10569K, capacity 11247K, committed 11264K, reserved 1048576K

Card table byte_map: [0x0000000012360000,0x0000000012770000] byte_map_base: 0x0000000011f60000

Marking Bits: (ParMarkBitMap*) 0x000000006164f030
 Begin Bits: [0x0000000012e20000, 0x0000000014e20000)
 End Bits:   [0x0000000014e20000, 0x0000000016e20000)

Polling page: 0x00000000015f0000

CodeCache: size=245760Kb used=24341Kb max_used=24362Kb free=221418Kb
 bounds [0x0000000002fa0000, 0x0000000004790000, 0x0000000011fa0000]
 total_blobs=7920 nmethods=7055 adapters=777
 compilation: enabled

Compilation events (10 events):
Event: 36.849 Thread 0x0000000017bd9000 nmethod 7908 0x0000000004775110 code [0x00000000047752a0, 0x00000000047757e8]
Event: 36.849 Thread 0x0000000017bd9000 7909       3       org.gradle.api.internal.artifacts.ivyservice.resolveengine.graph.builder.NodeState::getOutgoingEdges (5 bytes)
Event: 36.849 Thread 0x0000000017bc2000 7911       4       com.google.common.collect.RegularImmutableMap::get (18 bytes)
Event: 36.849 Thread 0x0000000017bd9000 nmethod 7909 0x0000000004774d50 code [0x0000000004774ea0, 0x0000000004775090]
Event: 36.850 Thread 0x0000000017bd9000 7910       3       org.gradle.api.internal.artifacts.ivyservice.resolveengine.graph.builder.NodeState::getIncomingEdges (5 bytes)
Event: 36.850 Thread 0x0000000017bd9000 nmethod 7910 0x0000000004774990 code [0x0000000004774ae0, 0x0000000004774cd0]
Event: 36.850 Thread 0x0000000017bd9000 7912       3       org.gradle.internal.component.model.DefaultSelectedByVariantMatchingConfigurationMetadata::getAttributes (10 bytes)
Event: 36.850 Thread 0x0000000017bd9000 nmethod 7912 0x0000000004774550 code [0x00000000047746c0, 0x00000000047748e8]
Event: 36.850 Thread 0x0000000017bd9000 7914       3       org.gradle.api.internal.artifacts.result.DefaultResolvedVariantResult::computeHashCode (38 bytes)
Event: 36.851 Thread 0x0000000017bd9000 nmethod 7914 0x0000000004773e90 code [0x0000000004774020, 0x00000000047743e8]

GC Heap History (10 events):
Event: 17.107 GC heap before
{Heap before GC invocations=12 (full 2):
 PSYoungGen      total 126976K, used 117248K [0x00000000d5580000, 0x00000000dfa00000, 0x0000000100000000)
  eden space 117248K, 100% used [0x00000000d5580000,0x00000000dc800000,0x00000000dc800000)
  from space 9728K, 0% used [0x00000000dc800000,0x00000000dc800000,0x00000000dd180000)
  to   space 12288K, 0% used [0x00000000dee00000,0x00000000dee00000,0x00000000dfa00000)
 ParOldGen       total 83968K, used 19539K [0x0000000080000000, 0x0000000085200000, 0x00000000d5580000)
  object space 83968K, 23% used [0x0000000080000000,0x0000000081314ca8,0x0000000085200000)
 Metaspace       used 38472K, capacity 40408K, committed 40576K, reserved 1083392K
  class space    used 5287K, capacity 5675K, committed 5760K, reserved 1048576K
Event: 17.132 GC heap after
Heap after GC invocations=12 (full 2):
 PSYoungGen      total 155648K, used 9125K [0x00000000d5580000, 0x00000000dff00000, 0x0000000100000000)
  eden space 143360K, 0% used [0x00000000d5580000,0x00000000d5580000,0x00000000de180000)
  from space 12288K, 74% used [0x00000000dee00000,0x00000000df6e9700,0x00000000dfa00000)
  to   space 12800K, 0% used [0x00000000de180000,0x00000000de180000,0x00000000dee00000)
 ParOldGen       total 83968K, used 19547K [0x0000000080000000, 0x0000000085200000, 0x00000000d5580000)
  object space 83968K, 23% used [0x0000000080000000,0x0000000081316ca8,0x0000000085200000)
 Metaspace       used 38472K, capacity 40408K, committed 40576K, reserved 1083392K
  class space    used 5287K, capacity 5675K, committed 5760K, reserved 1048576K
}
Event: 22.182 GC heap before
{Heap before GC invocations=13 (full 2):
 PSYoungGen      total 155648K, used 152485K [0x00000000d5580000, 0x00000000dff00000, 0x0000000100000000)
  eden space 143360K, 100% used [0x00000000d5580000,0x00000000de180000,0x00000000de180000)
  from space 12288K, 74% used [0x00000000dee00000,0x00000000df6e9700,0x00000000dfa00000)
  to   space 12800K, 0% used [0x00000000de180000,0x00000000de180000,0x00000000dee00000)
 ParOldGen       total 83968K, used 19547K [0x0000000080000000, 0x0000000085200000, 0x00000000d5580000)
  object space 83968K, 23% used [0x0000000080000000,0x0000000081316ca8,0x0000000085200000)
 Metaspace       used 51465K, capacity 53702K, committed 53888K, reserved 1095680K
  class space    used 6860K, capacity 7285K, committed 7296K, reserved 1048576K
Event: 22.233 GC heap after
Heap after GC invocations=13 (full 2):
 PSYoungGen      total 156160K, used 12788K [0x00000000d5580000, 0x00000000e2700000, 0x0000000100000000)
  eden space 143360K, 0% used [0x00000000d5580000,0x00000000d5580000,0x00000000de180000)
  from space 12800K, 99% used [0x00000000de180000,0x00000000dedfd3d0,0x00000000dee00000)
  to   space 17920K, 0% used [0x00000000e1580000,0x00000000e1580000,0x00000000e2700000)
 ParOldGen       total 83968K, used 28923K [0x0000000080000000, 0x0000000085200000, 0x00000000d5580000)
  object space 83968K, 34% used [0x0000000080000000,0x0000000081c3ee30,0x0000000085200000)
 Metaspace       used 51465K, capacity 53702K, committed 53888K, reserved 1095680K
  class space    used 6860K, capacity 7285K, committed 7296K, reserved 1048576K
}
Event: 24.168 GC heap before
{Heap before GC invocations=14 (full 2):
 PSYoungGen      total 156160K, used 69469K [0x00000000d5580000, 0x00000000e2700000, 0x0000000100000000)
  eden space 143360K, 39% used [0x00000000d5580000,0x00000000d8cda350,0x00000000de180000)
  from space 12800K, 99% used [0x00000000de180000,0x00000000dedfd3d0,0x00000000dee00000)
  to   space 17920K, 0% used [0x00000000e1580000,0x00000000e1580000,0x00000000e2700000)
 ParOldGen       total 83968K, used 28923K [0x0000000080000000, 0x0000000085200000, 0x00000000d5580000)
  object space 83968K, 34% used [0x0000000080000000,0x0000000081c3ee30,0x0000000085200000)
 Metaspace       used 56693K, capacity 59064K, committed 59096K, reserved 1099776K
  class space    used 7443K, capacity 7910K, committed 7936K, reserved 1048576K
Event: 24.212 GC heap after
Heap after GC invocations=14 (full 2):
 PSYoungGen      total 195584K, used 14402K [0x00000000d5580000, 0x00000000e2b80000, 0x0000000100000000)
  eden space 177664K, 0% used [0x00000000d5580000,0x00000000d5580000,0x00000000e0300000)
  from space 17920K, 80% used [0x00000000e1580000,0x00000000e2390ba0,0x00000000e2700000)
  to   space 18944K, 0% used [0x00000000e0300000,0x00000000e0300000,0x00000000e1580000)
 ParOldGen       total 83968K, used 33941K [0x0000000080000000, 0x0000000085200000, 0x00000000d5580000)
  object space 83968K, 40% used [0x0000000080000000,0x00000000821255c0,0x0000000085200000)
 Metaspace       used 56693K, capacity 59064K, committed 59096K, reserved 1099776K
  class space    used 7443K, capacity 7910K, committed 7936K, reserved 1048576K
}
Event: 24.212 GC heap before
{Heap before GC invocations=15 (full 3):
 PSYoungGen      total 195584K, used 14402K [0x00000000d5580000, 0x00000000e2b80000, 0x0000000100000000)
  eden space 177664K, 0% used [0x00000000d5580000,0x00000000d5580000,0x00000000e0300000)
  from space 17920K, 80% used [0x00000000e1580000,0x00000000e2390ba0,0x00000000e2700000)
  to   space 18944K, 0% used [0x00000000e0300000,0x00000000e0300000,0x00000000e1580000)
 ParOldGen       total 83968K, used 33941K [0x0000000080000000, 0x0000000085200000, 0x00000000d5580000)
  object space 83968K, 40% used [0x0000000080000000,0x00000000821255c0,0x0000000085200000)
 Metaspace       used 56693K, capacity 59064K, committed 59096K, reserved 1099776K
  class space    used 7443K, capacity 7910K, committed 7936K, reserved 1048576K
Event: 24.572 GC heap after
Heap after GC invocations=15 (full 3):
 PSYoungGen      total 195584K, used 0K [0x00000000d5580000, 0x00000000e2b80000, 0x0000000100000000)
  eden space 177664K, 0% used [0x00000000d5580000,0x00000000d5580000,0x00000000e0300000)
  from space 17920K, 0% used [0x00000000e1580000,0x00000000e1580000,0x00000000e2700000)
  to   space 18944K, 0% used [0x00000000e0300000,0x00000000e0300000,0x00000000e1580000)
 ParOldGen       total 123392K, used 33269K [0x0000000080000000, 0x0000000087880000, 0x00000000d5580000)
  object space 123392K, 26% used [0x0000000080000000,0x000000008207d5e8,0x0000000087880000)
 Metaspace       used 56666K, capacity 58986K, committed 59096K, reserved 1099776K
  class space    used 7434K, capacity 7895K, committed 7936K, reserved 1048576K
}
Event: 30.460 GC heap before
{Heap before GC invocations=16 (full 3):
 PSYoungGen      total 195584K, used 177664K [0x00000000d5580000, 0x00000000e2b80000, 0x0000000100000000)
  eden space 177664K, 100% used [0x00000000d5580000,0x00000000e0300000,0x00000000e0300000)
  from space 17920K, 0% used [0x00000000e1580000,0x00000000e1580000,0x00000000e2700000)
  to   space 18944K, 0% used [0x00000000e0300000,0x00000000e0300000,0x00000000e1580000)
 ParOldGen       total 123392K, used 33269K [0x0000000080000000, 0x0000000087880000, 0x00000000d5580000)
  object space 123392K, 26% used [0x0000000080000000,0x000000008207d5e8,0x0000000087880000)
 Metaspace       used 67486K, capacity 70284K, committed 70616K, reserved 1110016K
  class space    used 9077K, capacity 9648K, committed 9728K, reserved 1048576K
Event: 30.502 GC heap after
Heap after GC invocations=16 (full 3):
 PSYoungGen      total 196608K, used 18319K [0x00000000d5580000, 0x00000000e5280000, 0x0000000100000000)
  eden space 177664K, 0% used [0x00000000d5580000,0x00000000d5580000,0x00000000e0300000)
  from space 18944K, 96% used [0x00000000e0300000,0x00000000e14e3ed8,0x00000000e1580000)
  to   space 21504K, 0% used [0x00000000e3d80000,0x00000000e3d80000,0x00000000e5280000)
 ParOldGen       total 123392K, used 33277K [0x0000000080000000, 0x0000000087880000, 0x00000000d5580000)
  object space 123392K, 26% used [0x0000000080000000,0x000000008207f5e8,0x0000000087880000)
 Metaspace       used 67486K, capacity 70284K, committed 70616K, reserved 1110016K
  class space    used 9077K, capacity 9648K, committed 9728K, reserved 1048576K
}

Deoptimization events (10 events):
Event: 36.168 Thread 0x000000001a09b800 Uncommon trap: reason=unstable_if action=reinterpret pc=0x0000000003d7c1ec method=java.lang.CharacterDataLatin1.digit(II)I @ 60
Event: 36.172 Thread 0x000000001a09b800 Uncommon trap: reason=unstable_if action=reinterpret pc=0x0000000003b70124 method=java.lang.CharacterDataLatin1.digit(II)I @ 60
Event: 36.194 Thread 0x000000001a09b800 Uncommon trap: reason=class_check action=maybe_recompile pc=0x0000000003616dac method=com.google.common.io.CountingInputStream.read([BII)I @ 7
Event: 36.195 Thread 0x000000001a09b800 Uncommon trap: reason=class_check action=maybe_recompile pc=0x0000000003616dac method=com.google.common.io.CountingInputStream.read([BII)I @ 7
Event: 36.196 Thread 0x000000001a09b800 Uncommon trap: reason=class_check action=maybe_recompile pc=0x0000000003616dac method=com.google.common.io.CountingInputStream.read([BII)I @ 7
Event: 36.253 Thread 0x000000001a09b800 Uncommon trap: reason=class_check action=maybe_recompile pc=0x0000000003616dac method=com.google.common.io.CountingInputStream.read([BII)I @ 7
Event: 36.273 Thread 0x000000001a09b800 Uncommon trap: reason=unstable_if action=reinterpret pc=0x0000000003fd5bf0 method=com.sun.org.apache.xerces.internal.util.SymbolTable.addSymbol([CII)Ljava/lang/String; @ 64
Event: 36.274 Thread 0x000000001a09b800 Uncommon trap: reason=unstable_if action=reinterpret pc=0x0000000003fa005c method=com.sun.org.apache.xerces.internal.util.SymbolTable.addSymbol([CII)Ljava/lang/String; @ 64
Event: 36.493 Thread 0x000000001a09b800 Uncommon trap: reason=unstable_if action=reinterpret pc=0x000000000337b8c0 method=com.google.common.base.Objects.equal(Ljava/lang/Object;Ljava/lang/Object;)Z @ 14
Event: 36.581 Thread 0x000000001a09b800 Uncommon trap: reason=null_check action=make_not_entrant pc=0x0000000004566214 method=org.gradle.internal.instantiation.generator.AbstractClassGenerator.isPropertyType(Ljava/lang/Class;)Z @ 3

Classes redefined (0 events):
No events

Internal exceptions (10 events):
Event: 29.974 Thread 0x000000001a09b800 Exception <a 'java/lang/ClassNotFoundException': org/gradle/plugins/ide/idea/model/IdeaModuleBeanInfo> (0x00000000df39c0a8) thrown at [C:\src\AOSP-openjdk-git\hotspot\src\share\vm\classfile\systemDictionary.cpp, line 210]
Event: 29.975 Thread 0x000000001a09b800 Exception <a 'java/lang/ClassNotFoundException': org/gradle/plugins/ide/idea/model/IdeaModuleCustomizer> (0x00000000df3c6258) thrown at [C:\src\AOSP-openjdk-git\hotspot\src\share\vm\classfile\systemDictionary.cpp, line 210]
Event: 29.981 Thread 0x000000001a09b800 Exception <a 'java/lang/ClassNotFoundException': org/gradle/plugins/ide/idea/model/IdeaModule_DecoratedCustomizer> (0x00000000df46cea0) thrown at [C:\src\AOSP-openjdk-git\hotspot\src\share\vm\classfile\systemDictionary.cpp, line 210]
Event: 30.156 Thread 0x000000001a09b800 Exception <a 'java/lang/NoSuchMethodError': java.lang.Object.lambda$identity$2(Ljava/lang/Object;)Ljava/lang/Object;> (0x00000000df931ba0) thrown at [C:\src\AOSP-openjdk-git\hotspot\src\share\vm\interpreter\linkResolver.cpp, line 620]
Event: 32.242 Thread 0x000000001a09b800 Implicit null exception at 0x00000000034dd7cd to 0x00000000034ddfb9
Event: 33.350 Thread 0x000000001a09b800 Exception <a 'sun/nio/fs/WindowsException'> (0x00000000d951d310) thrown at [C:\src\AOSP-openjdk-git\hotspot\src\share\vm\prims\jni.cpp, line 710]
Event: 33.477 Thread 0x000000001a09b800 Exception <a 'java/lang/ClassNotFoundException': com/sun/org/glassfish/hk2/osgiresourcelocator/ServiceLoader> (0x00000000d9c40230) thrown at [C:\src\AOSP-openjdk-git\hotspot\src\share\vm\classfile\systemDictionary.cpp, line 210]
Event: 33.624 Thread 0x000000001a09b800 Exception <a 'java/lang/NullPointerException'> (0x00000000da16a398) thrown at [C:\src\AOSP-openjdk-git\hotspot\src\share\vm\interpreter\linkResolver.cpp, line 1287]
Event: 34.586 Thread 0x000000001a09b800 Implicit null exception at 0x00000000032080d4 to 0x0000000003208469
Event: 35.855 Thread 0x000000001a09b800 Implicit null exception at 0x0000000003dca618 to 0x0000000003dca74d

Events (10 events):
Event: 36.584 loading class org/gradle/api/artifacts/DirectDependenciesMetadata
Event: 36.584 loading class org/gradle/api/artifacts/DirectDependenciesMetadata done
Event: 36.585 loading class org/gradle/api/internal/artifacts/repositories/resolver/DirectDependencyMetadataAdapter
Event: 36.585 loading class org/gradle/api/internal/artifacts/repositories/resolver/DirectDependencyMetadataAdapter done
Event: 36.588 loading class org/gradle/api/internal/artifacts/repositories/resolver/AbstractDependencyMetadataAdapter
Event: 36.588 loading class org/gradle/api/internal/artifacts/repositories/resolver/AbstractDependencyMetadataAdapter done
Event: 36.592 loading class org/gradle/internal/component/external/model/ivy/IvyDependencyDescriptor
Event: 36.592 loading class org/gradle/internal/component/external/model/ivy/IvyDependencyDescriptor done
Event: 36.599 loading class org/gradle/api/artifacts/DirectDependencyMetadata
Event: 36.599 loading class org/gradle/api/artifacts/DirectDependencyMetadata done


Dynamic libraries:
0x00007ff6ea3c0000 - 0x00007ff6ea3f1000 	C:\Program Files\Android\Android Studio\jre\bin\java.exe
0x00007ffdbf250000 - 0x00007ffdbf445000 	C:\WINDOWS\SYSTEM32\ntdll.dll
0x00007ffdbdec0000 - 0x00007ffdbdf7d000 	C:\WINDOWS\System32\KERNEL32.DLL
0x00007ffdbc9c0000 - 0x00007ffdbcc88000 	C:\WINDOWS\System32\KERNELBASE.dll
0x00007ffdbde10000 - 0x00007ffdbdebc000 	C:\WINDOWS\System32\ADVAPI32.dll
0x00007ffdbf100000 - 0x00007ffdbf19e000 	C:\WINDOWS\System32\msvcrt.dll
0x00007ffdbef80000 - 0x00007ffdbf01b000 	C:\WINDOWS\System32\sechost.dll
0x00007ffdbdf90000 - 0x00007ffdbe0bb000 	C:\WINDOWS\System32\RPCRT4.dll
0x00007ffdbe450000 - 0x00007ffdbe5f0000 	C:\WINDOWS\System32\USER32.dll
0x00007ffdbcef0000 - 0x00007ffdbcf12000 	C:\WINDOWS\System32\win32u.dll
0x00007ffdbe0c0000 - 0x00007ffdbe0ea000 	C:\WINDOWS\System32\GDI32.dll
0x00007ffdbd020000 - 0x00007ffdbd12b000 	C:\WINDOWS\System32\gdi32full.dll
0x00007ffdbcdf0000 - 0x00007ffdbce8d000 	C:\WINDOWS\System32\msvcp_win.dll
0x00007ffdbcf20000 - 0x00007ffdbd020000 	C:\WINDOWS\System32\ucrtbase.dll
0x00007ffda9a90000 - 0x00007ffda9d2a000 	C:\WINDOWS\WinSxS\amd64_microsoft.windows.common-controls_6595b64144ccf1df_6.0.19041.844_none_ca00b6081b84eb1d\COMCTL32.dll
0x00007ffdbe5f0000 - 0x00007ffdbe620000 	C:\WINDOWS\System32\IMM32.DLL
0x0000000060cc0000 - 0x0000000060d92000 	C:\Program Files\Android\Android Studio\jre\jre\bin\msvcr100.dll
0x0000000060e80000 - 0x00000000616cb000 	C:\Program Files\Android\Android Studio\jre\jre\bin\server\jvm.dll
0x00007ffdbd460000 - 0x00007ffdbd468000 	C:\WINDOWS\System32\PSAPI.DLL
0x00007ffdba1c0000 - 0x00007ffdba1c9000 	C:\WINDOWS\SYSTEM32\WSOCK32.dll
0x00007ffdb33d0000 - 0x00007ffdb33da000 	C:\WINDOWS\SYSTEM32\VERSION.dll
0x00007ffdbf1a0000 - 0x00007ffdbf20b000 	C:\WINDOWS\System32\WS2_32.dll
0x00007ffdb33e0000 - 0x00007ffdb3407000 	C:\WINDOWS\SYSTEM32\WINMM.dll
0x00007ffdb6720000 - 0x00007ffdb672f000 	C:\Program Files\Android\Android Studio\jre\jre\bin\verify.dll
0x00007ffdab390000 - 0x00007ffdab3b9000 	C:\Program Files\Android\Android Studio\jre\jre\bin\java.dll
0x00007ffdb5c40000 - 0x00007ffdb5c56000 	C:\Program Files\Android\Android Studio\jre\jre\bin\zip.dll
0x00007ffdbe6f0000 - 0x00007ffdbee32000 	C:\WINDOWS\System32\SHELL32.dll
0x00007ffdbaae0000 - 0x00007ffdbb270000 	C:\WINDOWS\SYSTEM32\windows.storage.dll
0x00007ffdbe0f0000 - 0x00007ffdbe445000 	C:\WINDOWS\System32\combase.dll
0x00007ffdbc330000 - 0x00007ffdbc35c000 	C:\WINDOWS\SYSTEM32\Wldp.dll
0x00007ffdbd9f0000 - 0x00007ffdbda9e000 	C:\WINDOWS\System32\SHCORE.dll
0x00007ffdbee60000 - 0x00007ffdbeeb5000 	C:\WINDOWS\System32\shlwapi.dll
0x00007ffdbc8d0000 - 0x00007ffdbc8ef000 	C:\WINDOWS\SYSTEM32\profapi.dll
0x00007ffdb0a80000 - 0x00007ffdb0a9a000 	C:\Program Files\Android\Android Studio\jre\jre\bin\net.dll
0x00007ffdbc0a0000 - 0x00007ffdbc10a000 	C:\WINDOWS\system32\mswsock.dll
0x00007ffdaf110000 - 0x00007ffdaf123000 	C:\Program Files\Android\Android Studio\jre\jre\bin\nio.dll
0x00007ffdb8430000 - 0x00007ffdb8457000 	C:\Users\agath\.gradle\native\f6784746aeab05261644944871eae4fe03e0ef1612fff0a4a95f87b438bc6780\windows-amd64\native-platform.dll
0x00007ffdb5cd0000 - 0x00007ffdb5cdd000 	C:\Program Files\Android\Android Studio\jre\jre\bin\management.dll
0x00007ffdbc280000 - 0x00007ffdbc298000 	C:\WINDOWS\SYSTEM32\CRYPTSP.dll
0x00007ffdbba40000 - 0x00007ffdbba74000 	C:\WINDOWS\system32\rsaenh.dll
0x00007ffdbc990000 - 0x00007ffdbc9b7000 	C:\WINDOWS\System32\bcrypt.dll
0x00007ffdbc890000 - 0x00007ffdbc8be000 	C:\WINDOWS\SYSTEM32\USERENV.dll
0x00007ffdbd180000 - 0x00007ffdbd200000 	C:\WINDOWS\System32\bcryptprimitives.dll
0x00007ffdbc270000 - 0x00007ffdbc27c000 	C:\WINDOWS\SYSTEM32\CRYPTBASE.dll
0x00007ffdbbd90000 - 0x00007ffdbbdcb000 	C:\WINDOWS\SYSTEM32\IPHLPAPI.DLL
0x00007ffdbef70000 - 0x00007ffdbef78000 	C:\WINDOWS\System32\NSI.dll
0x00007ffdb3210000 - 0x00007ffdb3227000 	C:\WINDOWS\SYSTEM32\dhcpcsvc6.DLL
0x00007ffdb32e0000 - 0x00007ffdb32fd000 	C:\WINDOWS\SYSTEM32\dhcpcsvc.DLL
0x00007ffdbbdd0000 - 0x00007ffdbbe9c000 	C:\WINDOWS\SYSTEM32\DNSAPI.dll
0x00007ffdb4e20000 - 0x00007ffdb4e2b000 	C:\WINDOWS\SYSTEM32\WINNSI.DLL
0x00007ffda5d80000 - 0x00007ffda5da4000 	C:\Program Files\Android\Android Studio\jre\jre\bin\sunec.dll
0x00007ffdab030000 - 0x00007ffdab03a000 	C:\Windows\System32\rasadhlp.dll
0x00007ffdab3c0000 - 0x00007ffdab43f000 	C:\WINDOWS\System32\fwpuclnt.dll
0x00007ffdb6550000 - 0x00007ffdb655b000 	C:\Program Files\Android\Android Studio\jre\jre\bin\sunmscapi.dll
0x00007ffdbcc90000 - 0x00007ffdbcdef000 	C:\WINDOWS\System32\CRYPT32.dll
0x00007ffdb3630000 - 0x00007ffdb3814000 	C:\WINDOWS\SYSTEM32\dbghelp.dll

VM Arguments:
jvm_args: -Xmx2048m -Dfile.encoding=UTF-8 -Duser.country=BR -Duser.language=pt -Duser.variant 
java_command: org.gradle.launcher.daemon.bootstrap.GradleDaemon 6.5
java_class_path (initial): C:\Users\agath\.gradle\wrapper\dists\gradle-6.5-bin\6nifqtx7604sqp1q6g8wikw7p\gradle-6.5\lib\gradle-launcher-6.5.jar
Launcher Type: SUN_STANDARD

Environment Variables:
PATH=C:\Program Files (x86)\Common Files\Oracle\Java\javapath;C:\WINDOWS\system32;C:\WINDOWS;C:\WINDOWS\System32\Wbem;C:\WINDOWS\System32\WindowsPowerShell\v1.0\;C:\WINDOWS\System32\OpenSSH\;C:\Program Files\Git\cmd;C:\Users\agath\AppData\Local\Programs\Python\Python39\Scripts\;C:\Users\agath\AppData\Local\Programs\Python\Python39\;C:\Users\agath\AppData\Local\Microsoft\WindowsApps;C:\Users\agath\AppData\Local\atom\bin;C:\Users\agath\AppData\Local\Microsoft\WindowsApps;C:\Users\agath\AppData\Local\GitHubDesktop\bin;
USERNAME=agath
OS=Windows_NT
PROCESSOR_IDENTIFIER=AMD64 Family 21 Model 101 Stepping 1, AuthenticAMD



---------------  S Y S T E M  ---------------

OS: Windows 10.0 , 64 bit Build 19041 (10.0.19041.928)

CPU:total 4 (initial active 4) (4 cores per cpu, 1 threads per core) family 21 model 101 stepping 1, cmov, cx8, fxsr, mmx, sse, sse2, sse3, ssse3, sse4.1, sse4.2, popcnt, avx, avx2, aes, clmul, mmxext, 3dnowpref, lzcnt, sse4a, tsc, tscinvbit, tscinv, bmi1

Memory: 4k page, physical 7820660k(1513396k free), swap 15684980k(6008004k free)

vm_info: OpenJDK 64-Bit Server VM (25.242-b01) for windows-amd64 JRE (1.8.0_242-release-1644-b01), built by "builder" with MS VC++ 10.0 (VS2010)

time: Wed May 26 11:26:51 2021
timezone: Hora oficial do Brasil
elapsed time: 36 seconds (0d 0h 0m 36s)

